2025-02-08T00:00:24.186+02:00  INFO 3796 --- [user-service] [AsyncResolver-bootstrap-executor-%d] c.n.d.s.r.aws.ConfigClusterResolver      : Resolving eureka endpoints via configuration
2025-02-08T00:02:09.803+02:00  INFO 3796 --- [user-service] [http-nio-auto-1-exec-10] c.e.u.controller.UserController          : Login request by: test
2025-02-08T00:02:09.931+02:00  INFO 3796 --- [user-service] [http-nio-auto-1-exec-10] c.e.u.controller.UserController          : User test logged in
2025-02-08T00:04:36.134+02:00  INFO 3796 --- [user-service] [kafka-producer-network-thread | user-service-producer-1] org.apache.kafka.clients.NetworkClient   : [Producer clientId=user-service-producer-1] Node -1 disconnected.
2025-02-08T00:05:24.268+02:00  INFO 3796 --- [user-service] [AsyncResolver-bootstrap-executor-%d] c.n.d.s.r.aws.ConfigClusterResolver      : Resolving eureka endpoints via configuration
2025-02-08T00:09:32.359+02:00  WARN 3796 --- [user-service] [HikariPool-1 housekeeper] com.zaxxer.hikari.pool.HikariPool        : HikariPool-1 - Thread starvation or clock leap detected (housekeeper delta=1m40s177ms).
2025-02-08T00:42:40.326+02:00  WARN 3796 --- [user-service] [HikariPool-1 housekeeper] com.zaxxer.hikari.pool.HikariPool        : HikariPool-1 - Thread starvation or clock leap detected (housekeeper delta=33m7s971ms).
2025-02-08T01:20:52.890+02:00  WARN 3796 --- [user-service] [HikariPool-1 housekeeper] com.zaxxer.hikari.pool.HikariPool        : HikariPool-1 - Thread starvation or clock leap detected (housekeeper delta=38m12s564ms).
2025-02-08T01:48:59.135+02:00  WARN 3796 --- [user-service] [HikariPool-1 housekeeper] com.zaxxer.hikari.pool.HikariPool        : HikariPool-1 - Thread starvation or clock leap detected (housekeeper delta=28m6s245ms).
2025-02-08T02:09:16.644+02:00  WARN 3796 --- [user-service] [HikariPool-1 housekeeper] com.zaxxer.hikari.pool.HikariPool        : HikariPool-1 - Thread starvation or clock leap detected (housekeeper delta=20m17s510ms).
2025-02-08T02:09:18.706+02:00  INFO 3796 --- [user-service] [AsyncResolver-bootstrap-executor-%d] c.n.d.s.r.aws.ConfigClusterResolver      : Resolving eureka endpoints via configuration
2025-02-08T03:20:50.110+02:00  WARN 3796 --- [user-service] [HikariPool-1 housekeeper] com.zaxxer.hikari.pool.HikariPool        : HikariPool-1 - Thread starvation or clock leap detected (housekeeper delta=1h11m33s465ms).
2025-02-08T03:20:53.512+02:00  INFO 3796 --- [user-service] [DiscoveryClient-HeartbeatExecutor-%d] com.netflix.discovery.DiscoveryClient    : DiscoveryClient_USER-SERVICE/192.168.1.101:user-service:0 - Re-registering apps/USER-SERVICE
2025-02-08T03:20:53.513+02:00  INFO 3796 --- [user-service] [DiscoveryClient-HeartbeatExecutor-%d] com.netflix.discovery.DiscoveryClient    : DiscoveryClient_USER-SERVICE/192.168.1.101:user-service:0: registering service...
2025-02-08T03:20:53.520+02:00  INFO 3796 --- [user-service] [DiscoveryClient-HeartbeatExecutor-%d] com.netflix.discovery.DiscoveryClient    : DiscoveryClient_USER-SERVICE/192.168.1.101:user-service:0 - registration status: 204
2025-02-08T04:21:27.030+02:00  WARN 3796 --- [user-service] [HikariPool-1 housekeeper] com.zaxxer.hikari.pool.HikariPool        : HikariPool-1 - Thread starvation or clock leap detected (housekeeper delta=1h36s919ms).
2025-02-08T05:41:28.566+02:00  WARN 3796 --- [user-service] [HikariPool-1 housekeeper] com.zaxxer.hikari.pool.HikariPool        : HikariPool-1 - Thread starvation or clock leap detected (housekeeper delta=1h20m1s538ms).
2025-02-08T06:55:33.114+02:00  WARN 3796 --- [user-service] [HikariPool-1 housekeeper] com.zaxxer.hikari.pool.HikariPool        : HikariPool-1 - Thread starvation or clock leap detected (housekeeper delta=1h14m4s547ms).
2025-02-08T08:07:56.258+02:00  WARN 3796 --- [user-service] [HikariPool-1 housekeeper] com.zaxxer.hikari.pool.HikariPool        : HikariPool-1 - Thread starvation or clock leap detected (housekeeper delta=1h12m23s144ms).
2025-02-08T09:24:31.123+02:00  WARN 3796 --- [user-service] [HikariPool-1 housekeeper] com.zaxxer.hikari.pool.HikariPool        : HikariPool-1 - Thread starvation or clock leap detected (housekeeper delta=1h16m34s865ms).
2025-02-08T10:36:59.112+02:00  WARN 3796 --- [user-service] [HikariPool-1 housekeeper] com.zaxxer.hikari.pool.HikariPool        : HikariPool-1 - Thread starvation or clock leap detected (housekeeper delta=1h12m27s989ms).
2025-02-08T11:00:55.027+02:00  INFO 3796 --- [user-service] [kafka-producer-network-thread | user-service-producer-1] org.apache.kafka.clients.NetworkClient   : [Producer clientId=user-service-producer-1] Node -1 disconnected.
2025-02-08T11:10:54.082+02:00  WARN 3796 --- [user-service] [HikariPool-1 housekeeper] com.zaxxer.hikari.pool.HikariPool        : HikariPool-1 - Thread starvation or clock leap detected (housekeeper delta=33m54s970ms).
2025-02-08T11:53:53.224+02:00  WARN 3796 --- [user-service] [HikariPool-1 housekeeper] com.zaxxer.hikari.pool.HikariPool        : HikariPool-1 - Thread starvation or clock leap detected (housekeeper delta=42m59s143ms).
2025-02-08T12:14:59.893+02:00  WARN 3796 --- [user-service] [HikariPool-1 housekeeper] com.zaxxer.hikari.pool.HikariPool        : HikariPool-1 - Thread starvation or clock leap detected (housekeeper delta=21m6s668ms).
2025-02-08T12:15:01.878+02:00  INFO 3796 --- [user-service] [AsyncResolver-bootstrap-executor-%d] c.n.d.s.r.aws.ConfigClusterResolver      : Resolving eureka endpoints via configuration
2025-02-08T12:20:01.882+02:00  INFO 3796 --- [user-service] [AsyncResolver-bootstrap-executor-%d] c.n.d.s.r.aws.ConfigClusterResolver      : Resolving eureka endpoints via configuration
2025-02-08T12:25:01.888+02:00  INFO 3796 --- [user-service] [AsyncResolver-bootstrap-executor-%d] c.n.d.s.r.aws.ConfigClusterResolver      : Resolving eureka endpoints via configuration
2025-02-08T12:30:01.902+02:00  INFO 3796 --- [user-service] [AsyncResolver-bootstrap-executor-%d] c.n.d.s.r.aws.ConfigClusterResolver      : Resolving eureka endpoints via configuration
2025-02-08T12:35:01.908+02:00  INFO 3796 --- [user-service] [AsyncResolver-bootstrap-executor-%d] c.n.d.s.r.aws.ConfigClusterResolver      : Resolving eureka endpoints via configuration
2025-02-08T12:40:01.939+02:00  INFO 3796 --- [user-service] [AsyncResolver-bootstrap-executor-%d] c.n.d.s.r.aws.ConfigClusterResolver      : Resolving eureka endpoints via configuration
2025-02-08T12:45:01.944+02:00  INFO 3796 --- [user-service] [AsyncResolver-bootstrap-executor-%d] c.n.d.s.r.aws.ConfigClusterResolver      : Resolving eureka endpoints via configuration
2025-02-08T12:48:59.240+02:00  INFO 3796 --- [user-service] [kafka-producer-network-thread | user-service-producer-1] org.apache.kafka.clients.NetworkClient   : [Producer clientId=user-service-producer-1] Node 11 disconnected.
2025-02-08T12:48:59.307+02:00  INFO 3796 --- [user-service] [kafka-producer-network-thread | user-service-producer-1] org.apache.kafka.clients.NetworkClient   : [Producer clientId=user-service-producer-1] Node 11 disconnected.
2025-02-08T12:48:59.309+02:00  INFO 3796 --- [user-service] [kafka-producer-network-thread | user-service-producer-1] org.apache.kafka.clients.NetworkClient   : [Producer clientId=user-service-producer-1] Cancelled in-flight API_VERSIONS request with correlation id 53 due to node 11 being disconnected (elapsed time since creation: 2ms, elapsed time since send: 2ms, throttle time: 0ms, request timeout: 30000ms)
2025-02-08T12:48:59.458+02:00  INFO 3796 --- [user-service] [kafka-producer-network-thread | user-service-producer-1] org.apache.kafka.clients.NetworkClient   : [Producer clientId=user-service-producer-1] Node 11 disconnected.
2025-02-08T12:48:59.458+02:00  INFO 3796 --- [user-service] [kafka-producer-network-thread | user-service-producer-1] org.apache.kafka.clients.NetworkClient   : [Producer clientId=user-service-producer-1] Cancelled in-flight API_VERSIONS request with correlation id 54 due to node 11 being disconnected (elapsed time since creation: 2ms, elapsed time since send: 2ms, throttle time: 0ms, request timeout: 30000ms)
2025-02-08T12:48:59.692+02:00  INFO 3796 --- [user-service] [kafka-producer-network-thread | user-service-producer-1] org.apache.kafka.clients.NetworkClient   : [Producer clientId=user-service-producer-1] Node 11 disconnected.
2025-02-08T12:48:59.693+02:00  INFO 3796 --- [user-service] [kafka-producer-network-thread | user-service-producer-1] org.apache.kafka.clients.NetworkClient   : [Producer clientId=user-service-producer-1] Cancelled in-flight API_VERSIONS request with correlation id 55 due to node 11 being disconnected (elapsed time since creation: 1ms, elapsed time since send: 1ms, throttle time: 0ms, request timeout: 30000ms)
2025-02-08T12:49:00.189+02:00  INFO 3796 --- [user-service] [kafka-producer-network-thread | user-service-producer-1] org.apache.kafka.clients.NetworkClient   : [Producer clientId=user-service-producer-1] Node 11 disconnected.
2025-02-08T12:49:00.190+02:00  INFO 3796 --- [user-service] [kafka-producer-network-thread | user-service-producer-1] org.apache.kafka.clients.NetworkClient   : [Producer clientId=user-service-producer-1] Cancelled in-flight API_VERSIONS request with correlation id 56 due to node 11 being disconnected (elapsed time since creation: 0ms, elapsed time since send: 0ms, throttle time: 0ms, request timeout: 30000ms)
2025-02-08T12:49:01.030+02:00  INFO 3796 --- [user-service] [kafka-producer-network-thread | user-service-producer-1] org.apache.kafka.clients.NetworkClient   : [Producer clientId=user-service-producer-1] Node 11 disconnected.
2025-02-08T12:49:01.030+02:00  INFO 3796 --- [user-service] [kafka-producer-network-thread | user-service-producer-1] org.apache.kafka.clients.NetworkClient   : [Producer clientId=user-service-producer-1] Cancelled in-flight API_VERSIONS request with correlation id 57 due to node 11 being disconnected (elapsed time since creation: 1ms, elapsed time since send: 1ms, throttle time: 0ms, request timeout: 30000ms)
2025-02-08T12:49:01.968+02:00  INFO 3796 --- [user-service] [kafka-producer-network-thread | user-service-producer-1] org.apache.kafka.clients.NetworkClient   : [Producer clientId=user-service-producer-1] Node 11 disconnected.
2025-02-08T12:49:01.968+02:00  INFO 3796 --- [user-service] [kafka-producer-network-thread | user-service-producer-1] org.apache.kafka.clients.NetworkClient   : [Producer clientId=user-service-producer-1] Cancelled in-flight API_VERSIONS request with correlation id 58 due to node 11 being disconnected (elapsed time since creation: 1ms, elapsed time since send: 1ms, throttle time: 0ms, request timeout: 30000ms)
2025-02-08T12:49:03.277+02:00  INFO 3796 --- [user-service] [kafka-producer-network-thread | user-service-producer-1] org.apache.kafka.clients.NetworkClient   : [Producer clientId=user-service-producer-1] Node 11 disconnected.
2025-02-08T12:49:03.278+02:00  INFO 3796 --- [user-service] [kafka-producer-network-thread | user-service-producer-1] org.apache.kafka.clients.NetworkClient   : [Producer clientId=user-service-producer-1] Cancelled in-flight API_VERSIONS request with correlation id 59 due to node 11 being disconnected (elapsed time since creation: 303ms, elapsed time since send: 303ms, throttle time: 0ms, request timeout: 30000ms)
2025-02-08T12:49:04.278+02:00  INFO 3796 --- [user-service] [kafka-producer-network-thread | user-service-producer-1] org.apache.kafka.clients.NetworkClient   : [Producer clientId=user-service-producer-1] Node 11 disconnected.
2025-02-08T12:49:04.279+02:00  WARN 3796 --- [user-service] [kafka-producer-network-thread | user-service-producer-1] org.apache.kafka.clients.NetworkClient   : [Producer clientId=user-service-producer-1] Connection to node 11 (localhost/127.0.0.1:9092) could not be established. Node may not be available.
2025-02-08T12:49:05.281+02:00  INFO 3796 --- [user-service] [kafka-producer-network-thread | user-service-producer-1] org.apache.kafka.clients.NetworkClient   : [Producer clientId=user-service-producer-1] Node 11 disconnected.
2025-02-08T12:49:05.282+02:00  WARN 3796 --- [user-service] [kafka-producer-network-thread | user-service-producer-1] org.apache.kafka.clients.NetworkClient   : [Producer clientId=user-service-producer-1] Connection to node 11 (localhost/127.0.0.1:9092) could not be established. Node may not be available.
2025-02-08T12:49:06.283+02:00  INFO 3796 --- [user-service] [kafka-producer-network-thread | user-service-producer-1] org.apache.kafka.clients.NetworkClient   : [Producer clientId=user-service-producer-1] Node 11 disconnected.
2025-02-08T12:49:06.283+02:00  WARN 3796 --- [user-service] [kafka-producer-network-thread | user-service-producer-1] org.apache.kafka.clients.NetworkClient   : [Producer clientId=user-service-producer-1] Connection to node 11 (localhost/127.0.0.1:9092) could not be established. Node may not be available.
2025-02-08T12:49:07.285+02:00  INFO 3796 --- [user-service] [kafka-producer-network-thread | user-service-producer-1] org.apache.kafka.clients.NetworkClient   : [Producer clientId=user-service-producer-1] Node 11 disconnected.
2025-02-08T12:49:07.286+02:00  WARN 3796 --- [user-service] [kafka-producer-network-thread | user-service-producer-1] org.apache.kafka.clients.NetworkClient   : [Producer clientId=user-service-producer-1] Connection to node 11 (localhost/127.0.0.1:9092) could not be established. Node may not be available.
2025-02-08T12:49:08.287+02:00  INFO 3796 --- [user-service] [kafka-producer-network-thread | user-service-producer-1] org.apache.kafka.clients.NetworkClient   : [Producer clientId=user-service-producer-1] Node 11 disconnected.
2025-02-08T12:49:08.287+02:00  WARN 3796 --- [user-service] [kafka-producer-network-thread | user-service-producer-1] org.apache.kafka.clients.NetworkClient   : [Producer clientId=user-service-producer-1] Connection to node 11 (localhost/127.0.0.1:9092) could not be established. Node may not be available.
2025-02-08T12:49:08.326+02:00  INFO 3796 --- [user-service] [SpringApplicationShutdownHook] o.s.c.n.e.s.EurekaServiceRegistry        : Unregistering application USER-SERVICE with eureka with status DOWN
2025-02-08T12:49:08.327+02:00  INFO 3796 --- [user-service] [SpringApplicationShutdownHook] com.netflix.discovery.DiscoveryClient    : Saw local status change event StatusChangeEvent [timestamp=1739011748327, current=DOWN, previous=UP]
2025-02-08T12:49:08.327+02:00  INFO 3796 --- [user-service] [DiscoveryClient-InstanceInfoReplicator-%d] com.netflix.discovery.DiscoveryClient    : DiscoveryClient_USER-SERVICE/192.168.1.101:user-service:0: registering service...
2025-02-08T12:49:08.341+02:00  INFO 3796 --- [user-service] [DiscoveryClient-InstanceInfoReplicator-%d] com.netflix.discovery.DiscoveryClient    : DiscoveryClient_USER-SERVICE/192.168.1.101:user-service:0 - registration status: 204
2025-02-08T12:49:08.358+02:00  INFO 3796 --- [user-service] [SpringApplicationShutdownHook] o.s.b.w.e.tomcat.GracefulShutdown        : Commencing graceful shutdown. Waiting for active requests to complete
2025-02-08T12:49:08.364+02:00  INFO 3796 --- [user-service] [tomcat-shutdown] o.s.b.w.e.tomcat.GracefulShutdown        : Graceful shutdown complete
2025-02-08T12:49:08.382+02:00  INFO 3796 --- [user-service] [SpringApplicationShutdownHook] o.a.k.clients.producer.KafkaProducer     : [Producer clientId=user-service-producer-1] Closing the Kafka producer with timeoutMillis = 30000 ms.
2025-02-08T12:49:08.391+02:00  INFO 3796 --- [user-service] [SpringApplicationShutdownHook] o.apache.kafka.common.metrics.Metrics    : Metrics scheduler closed
2025-02-08T12:49:08.391+02:00  INFO 3796 --- [user-service] [SpringApplicationShutdownHook] o.apache.kafka.common.metrics.Metrics    : Closing reporter org.apache.kafka.common.metrics.JmxReporter
2025-02-08T12:49:08.391+02:00  INFO 3796 --- [user-service] [SpringApplicationShutdownHook] o.apache.kafka.common.metrics.Metrics    : Closing reporter org.apache.kafka.common.telemetry.internals.ClientTelemetryReporter
2025-02-08T12:49:08.391+02:00  INFO 3796 --- [user-service] [SpringApplicationShutdownHook] o.apache.kafka.common.metrics.Metrics    : Metrics reporters closed
2025-02-08T12:49:08.392+02:00  INFO 3796 --- [user-service] [SpringApplicationShutdownHook] o.a.kafka.common.utils.AppInfoParser     : App info kafka.producer for user-service-producer-1 unregistered
2025-02-08T12:49:08.413+02:00  INFO 3796 --- [user-service] [SpringApplicationShutdownHook] j.LocalContainerEntityManagerFactoryBean : Closing JPA EntityManagerFactory for persistence unit 'default'
2025-02-08T12:49:08.421+02:00  WARN 3796 --- [user-service] [SpringApplicationShutdownHook] com.zaxxer.hikari.pool.PoolBase          : HikariPool-1 - Failed to validate connection com.mysql.cj.jdbc.ConnectionImpl@5e5b570b (No operations allowed after connection closed.). Possibly consider using a shorter maxLifetime value.
2025-02-08T12:49:08.493+02:00  WARN 3796 --- [user-service] [SpringApplicationShutdownHook] com.zaxxer.hikari.pool.PoolBase          : HikariPool-1 - Failed to validate connection com.mysql.cj.jdbc.ConnectionImpl@333c47a0 (No operations allowed after connection closed.). Possibly consider using a shorter maxLifetime value.
2025-02-08T12:49:08.493+02:00  WARN 3796 --- [user-service] [SpringApplicationShutdownHook] com.zaxxer.hikari.pool.PoolBase          : HikariPool-1 - Failed to validate connection com.mysql.cj.jdbc.ConnectionImpl@730ab8be (No operations allowed after connection closed.). Possibly consider using a shorter maxLifetime value.
2025-02-08T12:49:08.493+02:00  WARN 3796 --- [user-service] [SpringApplicationShutdownHook] com.zaxxer.hikari.pool.PoolBase          : HikariPool-1 - Failed to validate connection com.mysql.cj.jdbc.ConnectionImpl@77ed4adb (No operations allowed after connection closed.). Possibly consider using a shorter maxLifetime value.
2025-02-08T12:49:08.494+02:00  WARN 3796 --- [user-service] [SpringApplicationShutdownHook] com.zaxxer.hikari.pool.PoolBase          : HikariPool-1 - Failed to validate connection com.mysql.cj.jdbc.ConnectionImpl@62cd54aa (No operations allowed after connection closed.). Possibly consider using a shorter maxLifetime value.
2025-02-08T12:49:08.494+02:00  WARN 3796 --- [user-service] [SpringApplicationShutdownHook] com.zaxxer.hikari.pool.PoolBase          : HikariPool-1 - Failed to validate connection com.mysql.cj.jdbc.ConnectionImpl@331d1e14 (No operations allowed after connection closed.). Possibly consider using a shorter maxLifetime value.
2025-02-08T12:49:08.495+02:00  WARN 3796 --- [user-service] [SpringApplicationShutdownHook] com.zaxxer.hikari.pool.PoolBase          : HikariPool-1 - Failed to validate connection com.mysql.cj.jdbc.ConnectionImpl@15748f81 (No operations allowed after connection closed.). Possibly consider using a shorter maxLifetime value.
2025-02-08T12:49:08.495+02:00  WARN 3796 --- [user-service] [SpringApplicationShutdownHook] com.zaxxer.hikari.pool.PoolBase          : HikariPool-1 - Failed to validate connection com.mysql.cj.jdbc.ConnectionImpl@852a466 (No operations allowed after connection closed.). Possibly consider using a shorter maxLifetime value.
2025-02-08T12:49:38.439+02:00  WARN 3796 --- [user-service] [SpringApplicationShutdownHook] o.h.engine.jdbc.spi.SqlExceptionHelper   : SQL Error: 0, SQLState: 08S01
2025-02-08T12:49:38.440+02:00 ERROR 3796 --- [user-service] [SpringApplicationShutdownHook] o.h.engine.jdbc.spi.SqlExceptionHelper   : HikariPool-1 - Connection is not available, request timed out after 30006ms (total=0, active=0, idle=0, waiting=0)
2025-02-08T12:49:38.440+02:00 ERROR 3796 --- [user-service] [SpringApplicationShutdownHook] o.h.engine.jdbc.spi.SqlExceptionHelper   : Communications link failure

The last packet sent successfully to the server was 0 milliseconds ago. The driver has not received any packets from the server.
2025-02-08T12:49:38.443+02:00  WARN 3796 --- [user-service] [SpringApplicationShutdownHook] o.s.b.f.support.DisposableBeanAdapter    : Invocation of destroy method failed on bean with name 'entityManagerFactory': org.hibernate.exception.JDBCConnectionException: Unable to open JDBC Connection for DDL execution [HikariPool-1 - Connection is not available, request timed out after 30006ms (total=0, active=0, idle=0, waiting=0)] [n/a]
2025-02-08T12:49:38.445+02:00  INFO 3796 --- [user-service] [SpringApplicationShutdownHook] com.zaxxer.hikari.HikariDataSource       : HikariPool-1 - Shutdown initiated...
2025-02-08T12:49:40.961+02:00  INFO 3796 --- [user-service] [SpringApplicationShutdownHook] com.zaxxer.hikari.HikariDataSource       : HikariPool-1 - Shutdown completed.
2025-02-08T12:49:40.965+02:00  INFO 3796 --- [user-service] [SpringApplicationShutdownHook] com.netflix.discovery.DiscoveryClient    : Shutting down DiscoveryClient ...
2025-02-08T12:49:43.969+02:00  INFO 3796 --- [user-service] [SpringApplicationShutdownHook] com.netflix.discovery.DiscoveryClient    : Unregistering ...
2025-02-08T12:49:43.984+02:00  INFO 3796 --- [user-service] [SpringApplicationShutdownHook] com.netflix.discovery.DiscoveryClient    : DiscoveryClient_USER-SERVICE/192.168.1.101:user-service:0 - deregister  status: 200
2025-02-08T12:49:43.985+02:00  INFO 3796 --- [user-service] [SpringApplicationShutdownHook] com.netflix.discovery.DiscoveryClient    : Completed shut down of DiscoveryClient
